<?xml version="1.0" encoding="UTF-8"?>
<!-- Generated by org.testng.reporters.JUnitReportReporter -->
<testsuite hostname="DESKTOP-N8M11P7" failures="0" tests="4" name="com.adminpanel.qa.testcases.AddNewSubscriptionBatchTest" time="33.189" errors="0" timestamp="2024-12-10T15:45:45 BDT" skipped="0">
  <testcase classname="com.adminpanel.qa.testcases.AddNewSubscriptionBatchTest" name="create_invalid_batchnm" time="8.764"/>
  <testcase classname="com.adminpanel.qa.testcases.AddNewSubscriptionBatchTest" name="create_invalid_batchnm" time="7.932"/>
  <testcase classname="com.adminpanel.qa.testcases.AddNewSubscriptionBatchTest" name="create_invalid_num" time="8.207"/>
  <testcase classname="com.adminpanel.qa.testcases.AddNewSubscriptionBatchTest" name="create_invalid_num" time="8.286"/>
</testsuite> <!-- com.adminpanel.qa.testcases.AddNewSubscriptionBatchTest -->
