<?xml version="1.0" encoding="UTF-8"?>
<!-- Generated by org.testng.reporters.JUnitReportReporter -->
<testsuite hostname="DESKTOP-N8M11P7" failures="0" tests="18" name="com.adminpanel.qa.testcases.EditResellerTest" time="125.463" errors="0" timestamp="2024-12-05T18:07:30 BDT" skipped="0">
  <testcase classname="com.adminpanel.qa.testcases.EditResellerTest" name="create_invalid_phoneno" time="7.224"/>
  <system-out/>
  <testcase classname="com.adminpanel.qa.testcases.EditResellerTest" name="create_invalid_phoneno" time="6.561"/>
  <system-out/>
  <testcase classname="com.adminpanel.qa.testcases.EditResellerTest" name="create_invalid_login" time="7.235"/>
  <system-out/>
  <testcase classname="com.adminpanel.qa.testcases.EditResellerTest" name="create_invalid_login" time="7.461"/>
  <system-out/>
  <testcase classname="com.adminpanel.qa.testcases.EditResellerTest" name="create_invalid_login" time="6.733"/>
  <system-out/>
  <testcase classname="com.adminpanel.qa.testcases.EditResellerTest" name="create_invalid_login" time="6.612"/>
  <system-out/>
  <testcase classname="com.adminpanel.qa.testcases.EditResellerTest" name="create_invalid_login" time="7.019"/>
  <system-out/>
  <testcase classname="com.adminpanel.qa.testcases.EditResellerTest" name="create_invalid_login" time="6.826"/>
  <system-out/>
  <testcase classname="com.adminpanel.qa.testcases.EditResellerTest" name="create_invalid_password" time="7.038"/>
  <system-out/>
  <testcase classname="com.adminpanel.qa.testcases.EditResellerTest" name="create_invalid_password" time="7.092"/>
  <system-out/>
  <testcase classname="com.adminpanel.qa.testcases.EditResellerTest" name="create_invalid_password" time="7.016"/>
  <system-out/>
  <testcase classname="com.adminpanel.qa.testcases.EditResellerTest" name="create_invalid_password" time="6.830"/>
  <system-out/>
  <testcase classname="com.adminpanel.qa.testcases.EditResellerTest" name="create_invalid_password" time="7.274"/>
  <system-out/>
  <testcase classname="com.adminpanel.qa.testcases.EditResellerTest" name="create_invalid_email" time="6.863"/>
  <system-out/>
  <testcase classname="com.adminpanel.qa.testcases.EditResellerTest" name="create_invalid_email" time="7.276"/>
  <system-out/>
  <testcase classname="com.adminpanel.qa.testcases.EditResellerTest" name="create_invalid_email" time="6.739"/>
  <system-out/>
  <testcase classname="com.adminpanel.qa.testcases.EditResellerTest" name="create_invalid_email" time="6.858"/>
  <system-out/>
  <testcase classname="com.adminpanel.qa.testcases.EditResellerTest" name="create_invalid_subcrelimit" time="6.806"/>
  <system-out/>
</testsuite> <!-- com.adminpanel.qa.testcases.EditResellerTest -->
