<?xml version="1.0" encoding="UTF-8"?>
<!-- Generated by org.testng.reporters.JUnitReportReporter -->
<testsuite hostname="DESKTOP-N8M11P7" failures="0" tests="2" name="com.adminpanel.qa.testcases.EditSubscriptionBatchTest" time="13.656" errors="0" timestamp="2024-12-10T18:26:00 BDT" skipped="0">
  <testcase classname="com.adminpanel.qa.testcases.EditSubscriptionBatchTest" name="create_invalid_batchnm" time="6.817"/>
  <testcase classname="com.adminpanel.qa.testcases.EditSubscriptionBatchTest" name="create_invalid_batchnm" time="6.839"/>
</testsuite> <!-- com.adminpanel.qa.testcases.EditSubscriptionBatchTest -->
