<?xml version="1.0" encoding="UTF-8"?>
<!-- Generated by org.testng.reporters.JUnitReportReporter -->
<testsuite hostname="DESKTOP-N8M11P7" failures="0" tests="2" name="com.adminpanel.qa.testcases.AddNewSinngleSubscriberTest" time="17.644" errors="0" timestamp="2024-12-03T14:13:25 BDT" skipped="0">
  <testcase classname="com.adminpanel.qa.testcases.AddNewSinngleSubscriberTest" name="create" time="8.267"/>
  <testcase classname="com.adminpanel.qa.testcases.AddNewSinngleSubscriberTest" name="create" time="9.377"/>
</testsuite> <!-- com.adminpanel.qa.testcases.AddNewSinngleSubscriberTest -->
