<?xml version="1.0" encoding="UTF-8"?>
<!-- Generated by org.testng.reporters.JUnitReportReporter -->
<testsuite hostname="DESKTOP-N8M11P7" failures="0" tests="8" name="com.WebTest.qa.testcases.LoginWEBTest" time="13.409" errors="0" timestamp="2025-07-09T22:20:04 BDT" skipped="0">
  <testcase classname="com.WebTest.qa.testcases.LoginWEBTest" name="create_valid_email" time="1.669"/>
  <testcase classname="com.WebTest.qa.testcases.LoginWEBTest" name="create_invalid_email" time="1.563"/>
  <testcase classname="com.WebTest.qa.testcases.LoginWEBTest" name="create_invalid_email" time="1.553"/>
  <testcase classname="com.WebTest.qa.testcases.LoginWEBTest" name="create_invalid_email" time="2.537"/>
  <testcase classname="com.WebTest.qa.testcases.LoginWEBTest" name="create_invalid_email" time="1.516"/>
  <testcase classname="com.WebTest.qa.testcases.LoginWEBTest" name="create_invalid_email" time="1.494"/>
  <testcase classname="com.WebTest.qa.testcases.LoginWEBTest" name="create_invalid_email" time="1.516"/>
  <testcase classname="com.WebTest.qa.testcases.LoginWEBTest" name="create_invalid_email" time="1.561"/>
</testsuite> <!-- com.WebTest.qa.testcases.LoginWEBTest -->
