<?xml version="1.0" encoding="UTF-8"?>
<!-- Generated by org.testng.reporters.JUnitReportReporter -->
<testsuite hostname="DESKTOP-N8M11P7" failures="0" tests="18" name="com.adminpanel.qa.testcases.AddNewResellerFormTest" time="140.714" errors="0" timestamp="2024-11-28T18:40:20 BDT" skipped="0">
  <testcase classname="com.adminpanel.qa.testcases.AddNewResellerFormTest" name="create_invalid_phoneno" time="7.571"/>
  <testcase classname="com.adminpanel.qa.testcases.AddNewResellerFormTest" name="create_invalid_phoneno" time="7.698"/>
  <testcase classname="com.adminpanel.qa.testcases.AddNewResellerFormTest" name="create_invalid_login" time="6.973"/>
  <testcase classname="com.adminpanel.qa.testcases.AddNewResellerFormTest" name="create_invalid_login" time="7.767"/>
  <testcase classname="com.adminpanel.qa.testcases.AddNewResellerFormTest" name="create_invalid_login" time="8.034"/>
  <testcase classname="com.adminpanel.qa.testcases.AddNewResellerFormTest" name="create_invalid_login" time="8.031"/>
  <testcase classname="com.adminpanel.qa.testcases.AddNewResellerFormTest" name="create_invalid_login" time="8.940"/>
  <testcase classname="com.adminpanel.qa.testcases.AddNewResellerFormTest" name="create_invalid_login" time="7.346"/>
  <testcase classname="com.adminpanel.qa.testcases.AddNewResellerFormTest" name="create_invalid_password" time="7.752"/>
  <testcase classname="com.adminpanel.qa.testcases.AddNewResellerFormTest" name="create_invalid_password" time="7.633"/>
  <testcase classname="com.adminpanel.qa.testcases.AddNewResellerFormTest" name="create_invalid_password" time="7.500"/>
  <testcase classname="com.adminpanel.qa.testcases.AddNewResellerFormTest" name="create_invalid_password" time="7.698"/>
  <testcase classname="com.adminpanel.qa.testcases.AddNewResellerFormTest" name="create_invalid_password" time="8.569"/>
  <testcase classname="com.adminpanel.qa.testcases.AddNewResellerFormTest" name="create_invalid_email" time="9.464"/>
  <testcase classname="com.adminpanel.qa.testcases.AddNewResellerFormTest" name="create_invalid_email" time="7.744"/>
  <testcase classname="com.adminpanel.qa.testcases.AddNewResellerFormTest" name="create_invalid_email" time="6.694"/>
  <testcase classname="com.adminpanel.qa.testcases.AddNewResellerFormTest" name="create_invalid_email" time="7.853"/>
  <testcase classname="com.adminpanel.qa.testcases.AddNewResellerFormTest" name="create_invalid_subcrelimit" time="7.447"/>
</testsuite> <!-- com.adminpanel.qa.testcases.AddNewResellerFormTest -->
