<?xml version="1.0" encoding="UTF-8"?>
<!-- Generated by org.testng.reporters.JUnitReportReporter -->
<testsuite hostname="DESKTOP-N8M11P7" failures="0" tests="8" name="com.WebTest.qa.testcases.LoginWEBTest" time="11.657" errors="0" timestamp="2025-07-06T22:52:57 BDT" skipped="0">
  <testcase classname="com.WebTest.qa.testcases.LoginWEBTest" name="create_valid_email" time="1.667"/>
  <testcase classname="com.WebTest.qa.testcases.LoginWEBTest" name="create_invalid_email" time="1.354"/>
  <testcase classname="com.WebTest.qa.testcases.LoginWEBTest" name="create_invalid_email" time="1.148"/>
  <testcase classname="com.WebTest.qa.testcases.LoginWEBTest" name="create_invalid_email" time="1.361"/>
  <testcase classname="com.WebTest.qa.testcases.LoginWEBTest" name="create_invalid_email" time="1.402"/>
  <testcase classname="com.WebTest.qa.testcases.LoginWEBTest" name="create_invalid_email" time="1.767"/>
  <testcase classname="com.WebTest.qa.testcases.LoginWEBTest" name="create_invalid_email" time="1.600"/>
  <testcase classname="com.WebTest.qa.testcases.LoginWEBTest" name="create_invalid_email" time="1.358"/>
</testsuite> <!-- com.WebTest.qa.testcases.LoginWEBTest -->
