<?xml version="1.0" encoding="UTF-8"?>
<!-- Generated by org.testng.reporters.JUnitReportReporter -->
<testsuite hostname="Mds-MacBook-Pro.local" failures="0" tests="4" name="com.adminpanel.qa.testcases.DemoAdminPanelLoginPageTest" time="21.368" errors="0" timestamp="27 Nov 2024 05:36:09 GMT" skipped="0">
  <testcase classname="com.adminpanel.qa.testcases.DemoAdminPanelLoginPageTest" name="loginTest" time="6.616"/>
  <testcase classname="com.adminpanel.qa.testcases.DemoAdminPanelLoginPageTest" name="loginTest" time="3.758"/>
  <testcase classname="com.adminpanel.qa.testcases.DemoAdminPanelLoginPageTest" name="loginTest" time="3.685"/>
  <testcase classname="com.adminpanel.qa.testcases.DemoAdminPanelLoginPageTest" name="loginTest" time="7.309"/>
</testsuite> <!-- com.adminpanel.qa.testcases.DemoAdminPanelLoginPageTest -->
