<?xml version="1.0" encoding="UTF-8"?>
<!-- Generated by org.testng.reporters.JUnitReportReporter -->
<testsuite hostname="DESKTOP-N8M11P7" failures="0" tests="1" name="com.adminpanel.qa.testcases.EditSingleSubscriberTest" time="41.286" errors="0" timestamp="2024-12-04T16:55:09 BDT" skipped="0">
  <testcase classname="com.adminpanel.qa.testcases.EditSingleSubscriberTest" name="create_invalid_sub_pass" time="41.286"/>
  <system-out/>
</testsuite> <!-- com.adminpanel.qa.testcases.EditSingleSubscriberTest -->
